<?xml version="1.0" encoding="UTF-8"?>
<testsuite xmlns:xsi="http://www.w3.org/2001/XMLSchema-instance" xsi:noNamespaceSchemaLocation="https://maven.apache.org/surefire/maven-surefire-plugin/xsd/surefire-test-report-3.0.xsd" version="3.0" name="org.example.CalculatorTest" time="2.745" tests="4" errors="0" skipped="0" failures="0">
  <properties>
[...]
</properties>
  <testcase name="multiply_withPositiveNumber_ShouldReturnPositiveInteger" classname="org.example.CalculatorTest" time="0.256"/>
  <testcase name="divide_withPositiveNumber_shouldReturnPositiveInteger" classname="org.example.CalculatorTest" time="0.002"/>
  <testcase name="add_withPositiveNumber_shouldReturnPositiveInteger" classname="org.example.CalculatorTest" time="0.002"/>
  <testcase name="subtract_withNegativeNumber_shouldReturnNegativeInteger" classname="org.example.CalculatorTest" time="0.001"/>
</testsuite>